<?xml version="1.0" encoding="UTF-8" ?>
<testsuite tests="11" failures="0" name="com.exercicio4.processadorboletos.functionalTests.TestSuite" time="0.064" errors="0" skipped="0">
  <properties>
[...]
</properties>
  <testcase classname="com.exercicio4.processadorboletos.functionalTests.FunctionalTestsTD" name="functionalTest01" time="0.044"/>
  <testcase classname="com.exercicio4.processadorboletos.functionalTests.FunctionalTestsTD" name="functionalTest02" time="0.001"/>
  <testcase classname="com.exercicio4.processadorboletos.functionalTests.FunctionalTestsTD" name="functionalTest03" time="0.002"/>
  <testcase classname="com.exercicio4.processadorboletos.functionalTests.FunctionalTestsTD" name="functionalTest04" time="0.001"/>
  <testcase classname="com.exercicio4.processadorboletos.functionalTests.FunctionalTestsAVL" name="functionalTest01" time="0.012"/>
  <testcase classname="com.exercicio4.processadorboletos.functionalTests.FunctionalTestsAVL" name="functionalTest02" time="0.001"/>
  <testcase classname="com.exercicio4.processadorboletos.functionalTests.FunctionalTestsAVL" name="functionalTest03" time="0.001"/>
  <testcase classname="com.exercicio4.processadorboletos.functionalTests.FunctionalTestsAVL" name="functionalTest04" time="0"/>
  <testcase classname="com.exercicio4.processadorboletos.functionalTests.FunctionalTestsAVL" name="functionalTest05" time="0.001"/>
  <testcase classname="com.exercicio4.processadorboletos.functionalTests.FunctionalTestsAVL" name="functionalTest06" time="0"/>
  <testcase classname="com.exercicio4.processadorboletos.functionalTests.FunctionalTestsAVL" name="functionalTest07" time="0.001"/>
</testsuite>